easeUIDemo_CN/build/outputs/logs/manifest-merger-debug-report.txt
-- Merging decision tree log ---
manifest
ADDED from src/main/AndroidManifest.xml:2:1-588:12
INJECTED from src/main/AndroidManifest.xml:2:1-588:12
INJECTED from src/main/AndroidManifest.xml:2:1-588:12
INJECTED from src/main/AndroidManifest.xml:2:1-588:12
MERGED from [:redpacketlibrary] AndroidManifest.xml:2:1-10:12
MERGED from [:easeUI_CN] AndroidManifest.xml:2:1-12:12
MERGED from [:xAlertDialogLibrary] AndroidManifest.xml:2:1-12:12
MERGED from [:SMSSDK-2.1.4:] AndroidManifest.xml:2:1-14:12
MERGED from [:SMSSDKGUI-2.1.4:] AndroidManifest.xml:2:1-14:12
MERGED from [com.android.support:multidex:1.0.2] AndroidManifest.xml:17:1-22:12
INJECTED from src/main/AndroidManifest.xml:2:1-588:12
INJECTED from src/main/AndroidManifest.xml:2:1-588:12
INJECTED from src/main/AndroidManifest.xml:2:1-588:12
	package
		ADDED from src/main/AndroidManifest.xml:4:5-39
		INJECTED from src/main/AndroidManifest.xml
		INJECTED from src/main/AndroidManifest.xml
	android:versionName
		ADDED from src/main/AndroidManifest.xml:6:5-32
		INJECTED from src/main/AndroidManifest.xml
		INJECTED from src/main/AndroidManifest.xml
	xmlns:tools
		ADDED from src/main/AndroidManifest.xml:3:5-51
	xmlns:android
		ADDED from src/main/AndroidManifest.xml:2:11-69
	android:versionCode
		ADDED from src/main/AndroidManifest.xml:5:5-29
		INJECTED from src/main/AndroidManifest.xml
		INJECTED from src/main/AndroidManifest.xml
uses-permission#android.permission.VIBRATE
ADDED from src/main/AndroidManifest.xml:13:5-66
	android:name
		ADDED from src/main/AndroidManifest.xml:13:22-63
uses-permission#android.permission.INTERNET
ADDED from src/main/AndroidManifest.xml:14:5-67
	android:name
		ADDED from src/main/AndroidManifest.xml:14:22-64
uses-permission#android.permission.RECORD_AUDIO
ADDED from src/main/AndroidManifest.xml:15:5-71
	android:name
		ADDED from src/main/AndroidManifest.xml:15:22-68
uses-permission#android.permission.CAMERA
ADDED from src/main/AndroidManifest.xml:16:5-65
	android:name
		ADDED from src/main/AndroidManifest.xml:16:22-62
uses-permission#android.permission.ACCESS_NETWORK_STATE
ADDED from src/main/AndroidManifest.xml:17:5-79
	android:name
		ADDED from src/main/AndroidManifest.xml:17:22-76
uses-permission#android.permission.WRITE_EXTERNAL_STORAGE
ADDED from src/main/AndroidManifest.xml:18:5-81
	android:name
		ADDED from src/main/AndroidManifest.xml:18:22-78
uses-permission#android.permission.MOUNT_UNMOUNT_FILESYSTEMS
ADDED from src/main/AndroidManifest.xml:19:5-84
	android:name
		ADDED from src/main/AndroidManifest.xml:19:22-81
uses-permission#android.permission.ACCESS_FINE_LOCATION
ADDED from src/main/AndroidManifest.xml:20:5-79
	android:name
		ADDED from src/main/AndroidManifest.xml:20:22-76
uses-permission#android.permission.GET_TASKS
ADDED from src/main/AndroidManifest.xml:21:5-68
	android:name
		ADDED from src/main/AndroidManifest.xml:21:22-65
uses-permission#android.permission.ACCESS_WIFI_STATE
ADDED from src/main/AndroidManifest.xml:22:5-76
	android:name
		ADDED from src/main/AndroidManifest.xml:22:22-73
uses-permission#android.permission.CHANGE_WIFI_STATE
ADDED from src/main/AndroidManifest.xml:23:5-76
	android:name
		ADDED from src/main/AndroidManifest.xml:23:22-73
uses-permission#android.permission.WAKE_LOCK
ADDED from src/main/AndroidManifest.xml:24:5-68
	android:name
		ADDED from src/main/AndroidManifest.xml:24:22-65
uses-permission#android.permission.MODIFY_AUDIO_SETTINGS
ADDED from src/main/AndroidManifest.xml:25:5-80
	android:name
		ADDED from src/main/AndroidManifest.xml:25:22-77
uses-permission#android.permission.READ_PHONE_STATE
ADDED from src/main/AndroidManifest.xml:26:5-75
	android:name
		ADDED from src/main/AndroidManifest.xml:26:22-72
uses-permission#android.permission.RECEIVE_BOOT_COMPLETED
ADDED from src/main/AndroidManifest.xml:27:5-81
	android:name
		ADDED from src/main/AndroidManifest.xml:27:22-78
uses-permission#android.permission.USE_CREDENTIALS
ADDED from src/main/AndroidManifest.xml:28:5-74
	android:name
		ADDED from src/main/AndroidManifest.xml:28:22-71
uses-permission#com.android.launcher.permission.READ_SETTINGS
ADDED from src/main/AndroidManifest.xml:29:5-85
	android:name
		ADDED from src/main/AndroidManifest.xml:29:22-82
uses-permission#android.permission.BROADCAST_STICKY
ADDED from src/main/AndroidManifest.xml:30:5-75
	android:name
		ADDED from src/main/AndroidManifest.xml:30:22-72
uses-permission#android.permission.WRITE_SETTINGS
ADDED from src/main/AndroidManifest.xml:31:5-73
	android:name
		ADDED from src/main/AndroidManifest.xml:31:22-70
uses-permission#android.permission.REQUEST_IGNORE_BATTERY_OPTIMIZATIONS
ADDED from src/main/AndroidManifest.xml:32:5-95
	android:name
		ADDED from src/main/AndroidManifest.xml:32:22-92
uses-permission#com.google.android.c2dm.permission.RECEIVE
ADDED from src/main/AndroidManifest.xml:35:5-82
	android:name
		ADDED from src/main/AndroidManifest.xml:35:22-79
permission#com.hyphenate.chatuidemo.permission.C2D_MESSAGE
ADDED from src/main/AndroidManifest.xml:37:5-39:47
	android:protectionLevel
		ADDED from src/main/AndroidManifest.xml:39:9-44
	android:name
		ADDED from src/main/AndroidManifest.xml:38:9-71
uses-permission#com.hyphenate.chatuidemo.permission.C2D_MESSAGE
ADDED from src/main/AndroidManifest.xml:41:5-87
	android:name
		ADDED from src/main/AndroidManifest.xml:41:22-84
permission#com.hyphenate.chatuidemo.permission.MIPUSH_RECEIVE
ADDED from src/main/AndroidManifest.xml:43:5-45:55
	android:protectionLevel
		ADDED from src/main/AndroidManifest.xml:45:9-52
	android:name
		ADDED from src/main/AndroidManifest.xml:44:9-74
uses-permission#com.hyphenate.chatuidemo.permission.MIPUSH_RECEIVE
ADDED from src/main/AndroidManifest.xml:47:5-90
	android:name
		ADDED from src/main/AndroidManifest.xml:47:22-87
uses-permission#android.permission.READ_EXTERNAL_STORAGE
ADDED from src/main/AndroidManifest.xml:49:5-80
	android:name
		ADDED from src/main/AndroidManifest.xml:49:22-77
uses-permission#android.permission.ACCESS_COARSE_LOCATION
ADDED from src/main/AndroidManifest.xml:75:5-81
	android:name
		ADDED from src/main/AndroidManifest.xml:75:22-78
uses-permission#android.permission.ACCESS_LOCATION_EXTRA_COMMANDS
ADDED from src/main/AndroidManifest.xml:76:5-89
	android:name
		ADDED from src/main/AndroidManifest.xml:76:22-86
uses-permission#android.permission.READ_CONTACTS
ADDED from src/main/AndroidManifest.xml:80:5-72
	android:name
		ADDED from src/main/AndroidManifest.xml:80:22-69
uses-permission#android.permission.RECEIVE_SMS
ADDED from src/main/AndroidManifest.xml:86:5-70
	android:name
		ADDED from src/main/AndroidManifest.xml:86:22-67
uses-permission#android.permission.READ_SMS
ADDED from src/main/AndroidManifest.xml:87:5-67
	android:name
		ADDED from src/main/AndroidManifest.xml:87:22-64
application
ADDED from src/main/AndroidManifest.xml:91:5-586:19
MERGED from [:SMSSDK-2.1.4:] AndroidManifest.xml:11:5-12:19
MERGED from [:SMSSDK-2.1.4:] AndroidManifest.xml:11:5-12:19
MERGED from [:SMSSDKGUI-2.1.4:] AndroidManifest.xml:11:5-12:19
MERGED from [:SMSSDKGUI-2.1.4:] AndroidManifest.xml:11:5-12:19
	android:label
		ADDED from src/main/AndroidManifest.xml:95:9-41
	android:icon
		ADDED from src/main/AndroidManifest.xml:94:9-38
	android:allowBackup
		ADDED from src/main/AndroidManifest.xml:93:9-35
	android:name
		ADDED from src/main/AndroidManifest.xml:92:9-40
activity#com.hyphenate.chatuidemo.ui.MainActivity
ADDED from src/main/AndroidManifest.xml:96:9-101:64
	android:screenOrientation
		ADDED from src/main/AndroidManifest.xml:99:13-49
	android:launchMode
		ADDED from src/main/AndroidManifest.xml:98:13-44
	android:windowSoftInputMode
		ADDED from src/main/AndroidManifest.xml:101:13-52
	android:theme
		ADDED from src/main/AndroidManifest.xml:100:13-52
	android:name
		ADDED from src/main/AndroidManifest.xml:97:13-44
activity#com.hyphenate.chatuidemo.ui.BmobUserInfo
ADDED from src/main/AndroidManifest.xml:103:9-104:83
	android:theme
		ADDED from src/main/AndroidManifest.xml:104:13-71
	android:name
		ADDED from src/main/AndroidManifest.xml:103:19-50
activity#com.hyphenate.chatuidemo.ui.ChangePassword
ADDED from src/main/AndroidManifest.xml:106:9-107:83
	android:theme
		ADDED from src/main/AndroidManifest.xml:107:13-71
	android:name
		ADDED from src/main/AndroidManifest.xml:106:19-52
activity#com.mob.tools.MobUIShell
ADDED from src/main/AndroidManifest.xml:110:9-114:70
	android:windowSoftInputMode
		ADDED from src/main/AndroidManifest.xml:114:13-67
	android:configChanges
		ADDED from src/main/AndroidManifest.xml:112:13-74
	android:theme
		ADDED from src/main/AndroidManifest.xml:113:13-72
	android:name
		ADDED from src/main/AndroidManifest.xml:111:13-52
activity#com.hyphenate.chatuidemo.wxapi.WXEntryActivity
ADDED from src/main/AndroidManifest.xml:117:9-122:75
	android:screenOrientation
		ADDED from src/main/AndroidManifest.xml:121:13-49
	android:exported
		ADDED from src/main/AndroidManifest.xml:120:13-36
	android:configChanges
		ADDED from src/main/AndroidManifest.xml:119:13-74
	android:theme
		ADDED from src/main/AndroidManifest.xml:122:13-72
	android:name
		ADDED from src/main/AndroidManifest.xml:118:13-50
activity#com.umeng.qq.tencent.AuthActivity
ADDED from src/main/AndroidManifest.xml:125:9-136:20
	android:launchMode
		ADDED from src/main/AndroidManifest.xml:127:13-44
	android:noHistory
		ADDED from src/main/AndroidManifest.xml:128:13-37
	android:name
		ADDED from src/main/AndroidManifest.xml:126:13-61
intent-filter#action:name:android.intent.action.VIEW+category:name:android.intent.category.BROWSABLE+category:name:android.intent.category.DEFAULT+data:scheme:tencent100424468
ADDED from src/main/AndroidManifest.xml:130:13-135:29
action#android.intent.action.VIEW
ADDED from src/main/AndroidManifest.xml:131:17-69
	android:name
		ADDED from src/main/AndroidManifest.xml:131:25-66
category#android.intent.category.DEFAULT
ADDED from src/main/AndroidManifest.xml:132:17-76
	android:name
		ADDED from src/main/AndroidManifest.xml:132:27-73
category#android.intent.category.BROWSABLE
ADDED from src/main/AndroidManifest.xml:133:17-78
	android:name
		ADDED from src/main/AndroidManifest.xml:133:27-75
data
ADDED from src/main/AndroidManifest.xml:134:17-59
	android:scheme
		ADDED from src/main/AndroidManifest.xml:134:23-56
activity#com.umeng.qq.tencent.AssistActivity
ADDED from src/main/AndroidManifest.xml:138:9-142:76
	android:screenOrientation
		ADDED from src/main/AndroidManifest.xml:140:13-49
	android:configChanges
		ADDED from src/main/AndroidManifest.xml:142:13-74
	android:theme
		ADDED from src/main/AndroidManifest.xml:141:13-72
	android:name
		ADDED from src/main/AndroidManifest.xml:139:13-63
activity#com.hyphenate.chatuidemo.ui.SplashActivity
ADDED from src/main/AndroidManifest.xml:145:9-154:20
	android:screenOrientation
		ADDED from src/main/AndroidManifest.xml:147:13-49
	android:theme
		ADDED from src/main/AndroidManifest.xml:148:13-52
	android:name
		ADDED from src/main/AndroidManifest.xml:146:13-46
intent-filter#action:name:android.intent.action.MAIN+category:name:android.intent.category.LAUNCHER
ADDED from src/main/AndroidManifest.xml:149:13-153:29
action#android.intent.action.MAIN
ADDED from src/main/AndroidManifest.xml:150:17-69
	android:name
		ADDED from src/main/AndroidManifest.xml:150:25-66
category#android.intent.category.LAUNCHER
ADDED from src/main/AndroidManifest.xml:152:17-77
	android:name
		ADDED from src/main/AndroidManifest.xml:152:27-74
activity#com.hyphenate.chatuidemo.ui.SplashVideoActivity
ADDED from src/main/AndroidManifest.xml:157:9-159:20
	android:theme
		ADDED from src/main/AndroidManifest.xml:158:13-71
	android:name
		ADDED from src/main/AndroidManifest.xml:157:19-57
activity#com.hyphenate.chatuidemo.ui.LoginActivity
ADDED from src/main/AndroidManifest.xml:162:9-166:80
	android:screenOrientation
		ADDED from src/main/AndroidManifest.xml:164:13-49
	android:windowSoftInputMode
		ADDED from src/main/AndroidManifest.xml:166:13-68
	android:theme
		ADDED from src/main/AndroidManifest.xml:165:13-52
	android:name
		ADDED from src/main/AndroidManifest.xml:163:13-45
activity#com.hyphenate.chatuidemo.ui.RegisterActivity
ADDED from src/main/AndroidManifest.xml:169:9-173:80
	android:screenOrientation
		ADDED from src/main/AndroidManifest.xml:171:13-49
	android:windowSoftInputMode
		ADDED from src/main/AndroidManifest.xml:173:13-68
	android:theme
		ADDED from src/main/AndroidManifest.xml:172:13-52
	android:name
		ADDED from src/main/AndroidManifest.xml:170:13-48
activity#com.hyphenate.chatuidemo.ui.ChatActivity
ADDED from src/main/AndroidManifest.xml:175:9-180:67
	android:screenOrientation
		ADDED from src/main/AndroidManifest.xml:178:13-49
	android:launchMode
		ADDED from src/main/AndroidManifest.xml:177:13-44
	android:windowSoftInputMode
		ADDED from src/main/AndroidManifest.xml:180:13-55
	android:theme
		ADDED from src/main/AndroidManifest.xml:179:13-52
	android:name
		ADDED from src/main/AndroidManifest.xml:176:13-44
activity#com.hyphenate.chatuidemo.ui.AddContactActivity
ADDED from src/main/AndroidManifest.xml:182:9-186:67
	android:screenOrientation
		ADDED from src/main/AndroidManifest.xml:184:13-49
	android:windowSoftInputMode
		ADDED from src/main/AndroidManifest.xml:186:13-55
	android:theme
		ADDED from src/main/AndroidManifest.xml:185:13-52
	android:name
		ADDED from src/main/AndroidManifest.xml:183:13-50
activity#com.hyphenate.chatuidemo.ui.GroupDetailsActivity
ADDED from src/main/AndroidManifest.xml:188:9-191:64
	android:screenOrientation
		ADDED from src/main/AndroidManifest.xml:190:13-49
	android:theme
		ADDED from src/main/AndroidManifest.xml:191:13-52
	android:name
		ADDED from src/main/AndroidManifest.xml:189:13-52
activity#com.hyphenate.chatuidemo.ui.GroupsActivity
ADDED from src/main/AndroidManifest.xml:193:9-197:64
	android:screenOrientation
		ADDED from src/main/AndroidManifest.xml:195:13-49
	android:windowSoftInputMode
		ADDED from src/main/AndroidManifest.xml:197:13-52
	android:theme
		ADDED from src/main/AndroidManifest.xml:196:13-52
	android:name
		ADDED from src/main/AndroidManifest.xml:194:13-46
activity#com.hyphenate.chatuidemo.ui.ChatRoomDetailsActivity
ADDED from src/main/AndroidManifest.xml:200:9-203:64
	android:screenOrientation
		ADDED from src/main/AndroidManifest.xml:202:13-49
	android:theme
		ADDED from src/main/AndroidManifest.xml:203:13-52
	android:name
		ADDED from src/main/AndroidManifest.xml:201:13-55
activity#com.hyphenate.chatuidemo.ui.NewGroupActivity
ADDED from src/main/AndroidManifest.xml:206:9-210:64
	android:screenOrientation
		ADDED from src/main/AndroidManifest.xml:208:13-49
	android:windowSoftInputMode
		ADDED from src/main/AndroidManifest.xml:210:13-52
	android:theme
		ADDED from src/main/AndroidManifest.xml:209:13-52
	android:name
		ADDED from src/main/AndroidManifest.xml:207:13-48
activity#com.hyphenate.chatuidemo.ui.ExitGroupDialog
ADDED from src/main/AndroidManifest.xml:212:9-215:67
	android:screenOrientation
		ADDED from src/main/AndroidManifest.xml:214:13-49
	android:theme
		ADDED from src/main/AndroidManifest.xml:215:13-55
	android:name
		ADDED from src/main/AndroidManifest.xml:213:13-47
activity#com.hyphenate.chatuidemo.ui.GroupPickContactsActivity
ADDED from src/main/AndroidManifest.xml:217:9-221:64
	android:screenOrientation
		ADDED from src/main/AndroidManifest.xml:219:13-49
	android:windowSoftInputMode
		ADDED from src/main/AndroidManifest.xml:221:13-52
	android:theme
		ADDED from src/main/AndroidManifest.xml:220:13-52
	android:name
		ADDED from src/main/AndroidManifest.xml:218:13-57
activity#com.hyphenate.chatuidemo.ui.PickAtUserActivity
ADDED from src/main/AndroidManifest.xml:222:9-225:55
	android:screenOrientation
		ADDED from src/main/AndroidManifest.xml:224:13-49
	android:theme
		ADDED from src/main/AndroidManifest.xml:225:13-52
	android:name
		ADDED from src/main/AndroidManifest.xml:223:13-50
activity#com.hyphenate.easeui.ui.EaseBaiduMapActivity
ADDED from src/main/AndroidManifest.xml:227:9-230:64
	android:screenOrientation
		ADDED from src/main/AndroidManifest.xml:229:13-49
	android:theme
		ADDED from src/main/AndroidManifest.xml:230:13-52
	android:name
		ADDED from src/main/AndroidManifest.xml:228:13-72
activity#com.hyphenate.chatuidemo.ui.NewFriendsMsgActivity
ADDED from src/main/AndroidManifest.xml:233:9-236:64
	android:screenOrientation
		ADDED from src/main/AndroidManifest.xml:235:13-49
	android:theme
		ADDED from src/main/AndroidManifest.xml:236:13-52
	android:name
		ADDED from src/main/AndroidManifest.xml:234:13-53
activity#com.hyphenate.chatuidemo.ui.ForwardMessageActivity
ADDED from src/main/AndroidManifest.xml:238:9-242:64
	android:screenOrientation
		ADDED from src/main/AndroidManifest.xml:240:13-49
	android:windowSoftInputMode
		ADDED from src/main/AndroidManifest.xml:242:13-52
	android:theme
		ADDED from src/main/AndroidManifest.xml:241:13-52
	android:name
		ADDED from src/main/AndroidManifest.xml:239:13-54
activity#com.hyphenate.chatuidemo.ui.ContextMenuActivity
ADDED from src/main/AndroidManifest.xml:244:9-247:61
	android:screenOrientation
		ADDED from src/main/AndroidManifest.xml:246:13-49
	android:theme
		ADDED from src/main/AndroidManifest.xml:247:13-49
	android:name
		ADDED from src/main/AndroidManifest.xml:245:13-51
activity#com.hyphenate.easeui.ui.EaseShowBigImageActivity
ADDED from src/main/AndroidManifest.xml:249:9-252:64
	android:screenOrientation
		ADDED from src/main/AndroidManifest.xml:251:13-49
	android:theme
		ADDED from src/main/AndroidManifest.xml:252:13-52
	android:name
		ADDED from src/main/AndroidManifest.xml:250:13-76
activity#com.hyphenate.easeui.ui.EaseShowNormalFileActivity
ADDED from src/main/AndroidManifest.xml:254:9-257:64
	android:screenOrientation
		ADDED from src/main/AndroidManifest.xml:256:13-49
	android:theme
		ADDED from src/main/AndroidManifest.xml:257:13-52
	android:name
		ADDED from src/main/AndroidManifest.xml:255:13-78
activity#com.hyphenate.chatuidemo.ui.BlacklistActivity
ADDED from src/main/AndroidManifest.xml:259:9-262:64
	android:screenOrientation
		ADDED from src/main/AndroidManifest.xml:261:13-49
	android:theme
		ADDED from src/main/AndroidManifest.xml:262:13-52
	android:name
		ADDED from src/main/AndroidManifest.xml:260:13-49
activity#com.hyphenate.chatuidemo.ui.PublicGroupsActivity
ADDED from src/main/AndroidManifest.xml:265:9-269:64
	android:screenOrientation
		ADDED from src/main/AndroidManifest.xml:267:13-49
	android:windowSoftInputMode
		ADDED from src/main/AndroidManifest.xml:269:13-52
	android:theme
		ADDED from src/main/AndroidManifest.xml:268:13-52
	android:name
		ADDED from src/main/AndroidManifest.xml:266:13-52
activity#com.hyphenate.chatuidemo.ui.PublicChatRoomsActivity
ADDED from src/main/AndroidManifest.xml:270:9-274:64
	android:screenOrientation
		ADDED from src/main/AndroidManifest.xml:272:13-49
	android:windowSoftInputMode
		ADDED from src/main/AndroidManifest.xml:274:13-52
	android:theme
		ADDED from src/main/AndroidManifest.xml:273:13-52
	android:name
		ADDED from src/main/AndroidManifest.xml:271:13-55
activity#com.hyphenate.chatuidemo.ui.VoiceCallActivity
ADDED from src/main/AndroidManifest.xml:277:9-281:60
	android:screenOrientation
		ADDED from src/main/AndroidManifest.xml:280:13-49
	android:launchMode
		ADDED from src/main/AndroidManifest.xml:279:13-44
	android:theme
		ADDED from src/main/AndroidManifest.xml:281:13-48
	android:name
		ADDED from src/main/AndroidManifest.xml:278:13-49
activity#com.hyphenate.chatuidemo.ui.VideoCallActivity
ADDED from src/main/AndroidManifest.xml:283:9-288:64
	android:screenOrientation
		ADDED from src/main/AndroidManifest.xml:287:13-49
	android:launchMode
		ADDED from src/main/AndroidManifest.xml:286:13-44
	android:configChanges
		ADDED from src/main/AndroidManifest.xml:285:13-74
	android:theme
		ADDED from src/main/AndroidManifest.xml:288:13-52
	android:name
		ADDED from src/main/AndroidManifest.xml:284:13-49
activity#com.hyphenate.chatuidemo.ui.GroupSimpleDetailActivity
ADDED from src/main/AndroidManifest.xml:290:9-293:64
	android:screenOrientation
		ADDED from src/main/AndroidManifest.xml:292:13-49
	android:theme
		ADDED from src/main/AndroidManifest.xml:293:13-52
	android:name
		ADDED from src/main/AndroidManifest.xml:291:13-57
activity#com.hyphenate.chatuidemo.ui.GroupBlacklistActivity
ADDED from src/main/AndroidManifest.xml:295:9-298:64
	android:screenOrientation
		ADDED from src/main/AndroidManifest.xml:297:13-49
	android:theme
		ADDED from src/main/AndroidManifest.xml:298:13-52
	android:name
		ADDED from src/main/AndroidManifest.xml:296:13-54
activity#com.hyphenate.chatuidemo.ui.GroupSearchMessageActivity
ADDED from src/main/AndroidManifest.xml:299:9-303:58
	android:screenOrientation
		ADDED from src/main/AndroidManifest.xml:301:13-49
	android:windowSoftInputMode
		ADDED from src/main/AndroidManifest.xml:303:13-55
	android:theme
		ADDED from src/main/AndroidManifest.xml:302:13-52
	android:name
		ADDED from src/main/AndroidManifest.xml:300:13-58
activity#com.hyphenate.chatuidemo.ui.PublicGroupsSeachActivity
ADDED from src/main/AndroidManifest.xml:304:9-307:64
	android:screenOrientation
		ADDED from src/main/AndroidManifest.xml:306:13-49
	android:theme
		ADDED from src/main/AndroidManifest.xml:307:13-52
	android:name
		ADDED from src/main/AndroidManifest.xml:305:13-57
activity#com.hyphenate.chatuidemo.ui.EditActivity
ADDED from src/main/AndroidManifest.xml:308:9-312:67
	android:screenOrientation
		ADDED from src/main/AndroidManifest.xml:310:13-49
	android:windowSoftInputMode
		ADDED from src/main/AndroidManifest.xml:312:13-55
	android:theme
		ADDED from src/main/AndroidManifest.xml:311:13-52
	android:name
		ADDED from src/main/AndroidManifest.xml:309:13-44
activity#com.hyphenate.easeui.ui.EaseShowVideoActivity
ADDED from src/main/AndroidManifest.xml:313:9-317:72
	android:screenOrientation
		ADDED from src/main/AndroidManifest.xml:315:13-49
	android:windowSoftInputMode
		ADDED from src/main/AndroidManifest.xml:317:13-60
	android:theme
		ADDED from src/main/AndroidManifest.xml:316:13-52
	android:name
		ADDED from src/main/AndroidManifest.xml:314:13-73
activity#com.hyphenate.chatuidemo.ui.ImageGridActivity
ADDED from src/main/AndroidManifest.xml:319:9-323:72
	android:screenOrientation
		ADDED from src/main/AndroidManifest.xml:321:13-49
	android:windowSoftInputMode
		ADDED from src/main/AndroidManifest.xml:323:13-60
	android:theme
		ADDED from src/main/AndroidManifest.xml:322:13-52
	android:name
		ADDED from src/main/AndroidManifest.xml:320:13-49
activity#com.hyphenate.chatuidemo.ui.RecorderVideoActivity
ADDED from src/main/AndroidManifest.xml:324:9-328:72
	android:screenOrientation
		ADDED from src/main/AndroidManifest.xml:326:13-49
	android:windowSoftInputMode
		ADDED from src/main/AndroidManifest.xml:328:13-60
	android:theme
		ADDED from src/main/AndroidManifest.xml:327:13-52
	android:name
		ADDED from src/main/AndroidManifest.xml:325:13-53
activity#com.hyphenate.chatuidemo.ui.DiagnoseActivity
ADDED from src/main/AndroidManifest.xml:330:9-334:72
	android:screenOrientation
		ADDED from src/main/AndroidManifest.xml:332:13-49
	android:windowSoftInputMode
		ADDED from src/main/AndroidManifest.xml:334:13-60
	android:theme
		ADDED from src/main/AndroidManifest.xml:333:13-52
	android:name
		ADDED from src/main/AndroidManifest.xml:331:13-48
activity#com.hyphenate.chatuidemo.ui.OfflinePushNickActivity
ADDED from src/main/AndroidManifest.xml:337:9-341:72
	android:screenOrientation
		ADDED from src/main/AndroidManifest.xml:339:13-49
	android:windowSoftInputMode
		ADDED from src/main/AndroidManifest.xml:341:13-60
	android:theme
		ADDED from src/main/AndroidManifest.xml:340:13-52
	android:name
		ADDED from src/main/AndroidManifest.xml:338:13-55
activity#com.hyphenate.chatuidemo.ui.RobotsActivity
ADDED from src/main/AndroidManifest.xml:343:9-347:63
	android:screenOrientation
		ADDED from src/main/AndroidManifest.xml:345:13-49
	android:windowSoftInputMode
		ADDED from src/main/AndroidManifest.xml:347:13-60
	android:theme
		ADDED from src/main/AndroidManifest.xml:346:13-52
	android:name
		ADDED from src/main/AndroidManifest.xml:344:13-46
activity#com.hyphenate.chatuidemo.ui.UserProfileActivity
ADDED from src/main/AndroidManifest.xml:349:9-352:55
	android:screenOrientation
		ADDED from src/main/AndroidManifest.xml:351:13-49
	android:theme
		ADDED from src/main/AndroidManifest.xml:352:13-52
	android:name
		ADDED from src/main/AndroidManifest.xml:350:13-51
activity#com.hyphenate.chatuidemo.ui.SetServersActivity
ADDED from src/main/AndroidManifest.xml:354:9-357:15
	android:screenOrientation
		ADDED from src/main/AndroidManifest.xml:355:13-49
	android:theme
		ADDED from src/main/AndroidManifest.xml:356:13-52
	android:name
		ADDED from src/main/AndroidManifest.xml:354:19-56
activity#com.easemob.redpacketui.ui.activity.RPRedPacketActivity
ADDED from src/main/AndroidManifest.xml:361:9-365:68
	android:screenOrientation
		ADDED from src/main/AndroidManifest.xml:363:13-49
	android:windowSoftInputMode
		ADDED from src/main/AndroidManifest.xml:365:13-65
	android:theme
		ADDED from src/main/AndroidManifest.xml:364:13-52
	android:name
		ADDED from src/main/AndroidManifest.xml:362:13-83
activity#com.easemob.redpacketui.ui.activity.RPDetailActivity
ADDED from src/main/AndroidManifest.xml:367:9-371:55
	android:screenOrientation
		ADDED from src/main/AndroidManifest.xml:369:13-49
	android:windowSoftInputMode
		ADDED from src/main/AndroidManifest.xml:371:13-52
	android:theme
		ADDED from src/main/AndroidManifest.xml:370:13-52
	android:name
		ADDED from src/main/AndroidManifest.xml:368:13-80
activity#com.easemob.redpacketui.ui.activity.RPRecordActivity
ADDED from src/main/AndroidManifest.xml:373:9-377:55
	android:screenOrientation
		ADDED from src/main/AndroidManifest.xml:375:13-49
	android:windowSoftInputMode
		ADDED from src/main/AndroidManifest.xml:377:13-52
	android:theme
		ADDED from src/main/AndroidManifest.xml:376:13-52
	android:name
		ADDED from src/main/AndroidManifest.xml:374:13-80
activity#com.easemob.redpacketui.ui.activity.RPWebViewActivity
ADDED from src/main/AndroidManifest.xml:379:9-383:70
	android:screenOrientation
		ADDED from src/main/AndroidManifest.xml:381:13-49
	android:windowSoftInputMode
		ADDED from src/main/AndroidManifest.xml:383:13-67
	android:theme
		ADDED from src/main/AndroidManifest.xml:382:13-52
	android:name
		ADDED from src/main/AndroidManifest.xml:380:13-81
activity#com.easemob.redpacketui.ui.activity.RPChangeActivity
ADDED from src/main/AndroidManifest.xml:385:9-389:70
	android:screenOrientation
		ADDED from src/main/AndroidManifest.xml:387:13-49
	android:windowSoftInputMode
		ADDED from src/main/AndroidManifest.xml:389:13-67
	android:theme
		ADDED from src/main/AndroidManifest.xml:388:13-52
	android:name
		ADDED from src/main/AndroidManifest.xml:386:13-80
activity#com.easemob.redpacketui.ui.activity.RPBankCardActivity
ADDED from src/main/AndroidManifest.xml:391:9-395:67
	android:screenOrientation
		ADDED from src/main/AndroidManifest.xml:393:13-49
	android:windowSoftInputMode
		ADDED from src/main/AndroidManifest.xml:395:13-64
	android:theme
		ADDED from src/main/AndroidManifest.xml:394:13-52
	android:name
		ADDED from src/main/AndroidManifest.xml:392:13-82
activity#com.easemob.redpacketui.ui.activity.RPGroupMemberActivity
ADDED from src/main/AndroidManifest.xml:397:9-401:67
	android:screenOrientation
		ADDED from src/main/AndroidManifest.xml:399:13-49
	android:windowSoftInputMode
		ADDED from src/main/AndroidManifest.xml:401:13-64
	android:theme
		ADDED from src/main/AndroidManifest.xml:400:13-52
	android:name
		ADDED from src/main/AndroidManifest.xml:398:13-85
activity#com.alipay.sdk.app.H5PayActivity
ADDED from src/main/AndroidManifest.xml:403:9-408:70
	android:screenOrientation
		ADDED from src/main/AndroidManifest.xml:407:13-47
	android:windowSoftInputMode
		ADDED from src/main/AndroidManifest.xml:408:13-67
	android:exported
		ADDED from src/main/AndroidManifest.xml:406:13-37
	android:configChanges
		ADDED from src/main/AndroidManifest.xml:405:13-85
	android:name
		ADDED from src/main/AndroidManifest.xml:404:13-60
activity#com.easemob.redpacketui.ui.activity.RPTransferActivity
ADDED from src/main/AndroidManifest.xml:410:9-415:15
	android:screenOrientation
		ADDED from src/main/AndroidManifest.xml:412:13-49
	android:windowSoftInputMode
		ADDED from src/main/AndroidManifest.xml:414:13-65
	android:theme
		ADDED from src/main/AndroidManifest.xml:413:13-52
	android:name
		ADDED from src/main/AndroidManifest.xml:411:13-82
activity#com.easemob.redpacketui.ui.activity.RPTransferDetailActivity
ADDED from src/main/AndroidManifest.xml:417:9-422:15
	android:screenOrientation
		ADDED from src/main/AndroidManifest.xml:419:13-49
	android:windowSoftInputMode
		ADDED from src/main/AndroidManifest.xml:421:13-64
	android:theme
		ADDED from src/main/AndroidManifest.xml:420:13-52
	android:name
		ADDED from src/main/AndroidManifest.xml:418:13-88
receiver#com.hyphenate.chatuidemo.receiver.StartServiceReceiver
ADDED from src/main/AndroidManifest.xml:427:9-434:20
	android:name
		ADDED from src/main/AndroidManifest.xml:427:19-64
intent-filter#action:name:android.intent.action.BOOT_COMPLETED+action:name:android.intent.action.QUICKBOOT_POWERON+category:name:android.intent.category.LAUNCHER
ADDED from src/main/AndroidManifest.xml:428:13-433:29
	android:priority
		ADDED from src/main/AndroidManifest.xml:428:28-51
action#android.intent.action.BOOT_COMPLETED
ADDED from src/main/AndroidManifest.xml:429:17-79
	android:name
		ADDED from src/main/AndroidManifest.xml:429:25-76
action#android.intent.action.QUICKBOOT_POWERON
ADDED from src/main/AndroidManifest.xml:430:17-82
	android:name
		ADDED from src/main/AndroidManifest.xml:430:25-79
receiver#com.hyphenate.chat.EMGCMBroadcastReceiver
ADDED from src/main/AndroidManifest.xml:437:9-446:20
	android:exported
		ADDED from src/main/AndroidManifest.xml:439:13-36
	android:permission
		ADDED from src/main/AndroidManifest.xml:440:13-73
	android:name
		ADDED from src/main/AndroidManifest.xml:438:13-69